{"level":"error","msg":"\u003cnil\u003e","time":"2024-05-10 14:25:53"}
{"level":"info","msg":"用户不存在","time":"2024-05-10 14:25:53"}
{"level":"error","msg":"\u003cnil\u003e","time":"2024-05-10 14:25:58"}
{"level":"info","msg":"用户不存在","time":"2024-05-10 14:25:58"}
{"level":"error","msg":"\u003cnil\u003e","time":"2024-05-10 14:26:19"}
{"level":"info","msg":"用户不存在","time":"2024-05-10 14:26:19"}
{"level":"error","msg":"\u003cnil\u003e","time":"2024-05-10 14:27:19"}
{"level":"info","msg":"用户不存在","time":"2024-05-10 14:27:19"}
{"level":"error","msg":"\u003cnil\u003e","time":"2024-05-10 14:27:47"}
{"level":"info","msg":"用户不存在","time":"2024-05-10 14:27:47"}
{"level":"info","msg":"该手机号已经注册","time":"2024-05-10 14:29:38"}
{"level":"error","msg":"\u003cnil\u003e","time":"2024-05-10 14:29:55"}
{"level":"info","msg":"用户不存在","time":"2024-05-10 14:29:55"}
{"level":"error","msg":"\u003cnil\u003e","time":"2024-05-10 14:29:57"}
{"level":"info","msg":"用户不存在","time":"2024-05-10 14:29:57"}
{"level":"info","msg":"账号/密码不正确","time":"2024-05-10 14:31:06"}
{"level":"info","msg":"请求频繁","time":"2024-05-10 17:33:00"}
{"level":"info","msg":"请求频繁","time":"2024-05-10 17:33:03"}
{"level":"info","msg":"没有该用户","time":"2024-05-10 17:33:14"}
{"level":"error","msg":"\u003cnil\u003e","time":"2024-05-10 20:27:55"}
{"level":"info","msg":"用户不存在","time":"2024-05-10 20:27:55"}
{"level":"error","msg":"\u003cnil\u003e","time":"2024-05-10 20:28:04"}
{"level":"info","msg":"用户不存在","time":"2024-05-10 20:28:04"}
{"level":"error","msg":"\u003cnil\u003e","time":"2024-05-10 20:28:10"}
{"level":"info","msg":"用户不存在","time":"2024-05-10 20:28:10"}
{"level":"info","msg":"请先请求一份邮件","time":"2024-05-10 20:28:30"}
{"level":"info","msg":"验证码错误","time":"2024-05-10 20:29:50"}
{"level":"info","msg":"账号/密码不正确","time":"2024-05-10 20:30:05"}
{"level":"info","msg":"账号/密码不正确","time":"2024-05-10 20:30:09"}
{"level":"info","msg":"账号/密码不正确","time":"2024-05-10 20:30:11"}
{"level":"info","msg":"账号/密码不正确","time":"2024-05-10 20:30:12"}
